<?xml version="1.0" encoding="UTF-8"?>
<!-- Generated by org.testng.reporters.JUnitReportReporter -->
<testsuite hostname="DESKTOP-D5MDPKE" failures="0" tests="1" name="com.caiiht.fusion.selenium.yaksha.YakshaQuestionCreateUpload" time="18.617" errors="0" timestamp="2022-08-05T14:35:17 IST" skipped="0">
  <testcase classname="com.caiiht.fusion.selenium.yaksha.YakshaQuestionCreateUpload" name="YQuestioncreate" time="18.617"/>
  <system-out/>
</testsuite> <!-- com.caiiht.fusion.selenium.yaksha.YakshaQuestionCreateUpload -->
