<?xml version="1.0" encoding="UTF-8"?>
<!-- Generated by org.testng.reporters.JUnitReportReporter -->
<testsuite hostname="DESKTOP-D5MDPKE" failures="0" tests="1" name="com.caiiht.fusion.selenium.yaksha.YakshaTenantCreate" time="7.157" errors="0" timestamp="2022-08-09T09:40:13 IST" skipped="0">
  <testcase classname="com.caiiht.fusion.selenium.yaksha.YakshaTenantCreate" name="YTenantCreate" time="7.157"/>
  <system-out>
    <![CDATA[Tenant 'Augfullscript' Created successfully with Active status.]]>
  </system-out>
</testsuite> <!-- com.caiiht.fusion.selenium.yaksha.YakshaTenantCreate -->
