<?xml version="1.0" encoding="UTF-8"?>
<!-- Generated by org.testng.reporters.JUnitReportReporter -->
<testsuite hostname="DESKTOP-D5MDPKE" failures="0" tests="2" name="com.caiiht.fusion.selenium.yaksha.YakshaSkill" time="28.222" errors="0" timestamp="2022-08-09T09:40:13 IST" skipped="0">
  <testcase classname="com.caiiht.fusion.selenium.yaksha.YakshaSkill" name="YSkillCreate" time="13.353"/>
  <system-out>
    <![CDATA[FullScript : Skill Created successfully]]>
  </system-out>
  <testcase classname="com.caiiht.fusion.selenium.yaksha.YakshaSkill" name="YCategoryCreate" time="14.869"/>
  <system-out>
    <![CDATA[AugFullScript: Category created with 1 Skills]]>
  </system-out>
</testsuite> <!-- com.caiiht.fusion.selenium.yaksha.YakshaSkill -->
